Marginal likelihood with initialization (1) = -0.4856487631
Marginal likelihood with initialization (2) = -0.4857662739
Marginal likelihood with initialization (3) = -0.4855786988
Marginal likelihood with initialization (4) = -0.4855948172
Marginal likelihood with initialization (5) = -0.4855585804
Iteration Marginal_Likelihood delta_Marginal_Likelihood Iteration_Time (secs)
0 -0.4855585804 -- 68.280
10 -0.4854593274 0.0000992530 2.288
20 -0.4854174025 0.0000419249 2.371
30 -0.4853931746 0.0000242279 2.516
40 -0.4853772844 0.0000158902 2.442
50 -0.4853652688 0.0000120156 2.272
60 -0.4853561727 0.0000090961 2.081
70 -0.4853478719 0.0000083008 2.092
80 -0.4853411379 0.0000067341 2.163
90 -0.4853348048 0.0000063331 2.467
100 -0.4853287817 0.0000060231 2.213
110 -0.4853231296 0.0000056521 2.080
120 -0.4853187421 0.0000043875 2.144
130 -0.4853140440 0.0000046981 2.075
140 -0.4853107244 0.0000033196 2.159
150 -0.4853082964 0.0000024280 2.090
160 -0.4853047289 0.0000035675 2.207
170 -0.4853017068 0.0000030221 2.587
180 -0.4852996455 0.0000020613 2.380
190 -0.4852972275 0.0000024180 2.078
200 -0.4852952881 0.0000019395 2.649
210 -0.4852937968 0.0000014913 2.879
220 -0.4852920647 0.0000017321 3.191
230 -0.4852905189 0.0000015458 2.645
240 -0.4852891200 0.0000013989 2.792
250 -0.4852874545 0.0000016655 2.524
260 -0.4852863441 0.0000011105 2.339
270 -0.4852850845 0.0000012595 2.801
280 -0.4852840048 0.0000010797 2.268
290 -0.4852832635 0.0000007413 2.473
Marginal Likelihood = -0.4852832635
Total time = 137.5942 seconds
Total iterations = 290 
