Marginal likelihood with initialization (1) = -0.4936967882
Marginal likelihood with initialization (2) = -0.4911340432
Marginal likelihood with initialization (3) = -0.4929967292
Marginal likelihood with initialization (4) = -0.4912070544
Marginal likelihood with initialization (5) = -0.4913360409
Iteration Marginal_Likelihood delta_Marginal_Likelihood Iteration_Time (secs)
0 -0.4911340432 -- 172.909
10 -0.4910409495 0.0000930937 3.277
20 -0.4909920596 0.0000488899 3.226
30 -0.4909625361 0.0000295235 3.514
40 -0.4909442825 0.0000182536 3.802
50 -0.4909280871 0.0000161954 3.078
60 -0.4909163217 0.0000117654 3.004
70 -0.4909031527 0.0000131690 3.531
80 -0.4908915605 0.0000115922 3.081
90 -0.4908823954 0.0000091651 3.349
100 -0.4908737152 0.0000086802 3.551
110 -0.4908655882 0.0000081270 2.979
120 -0.4908578806 0.0000077076 3.065
130 -0.4908502450 0.0000076356 3.132
140 -0.4908442023 0.0000060427 2.940
150 -0.4908393170 0.0000048853 3.232
160 -0.4908321547 0.0000071623 3.889
170 -0.4908262564 0.0000058983 3.047
180 -0.4908210587 0.0000051977 3.280
190 -0.4908165106 0.0000045481 3.450
200 -0.4908115510 0.0000049596 3.496
210 -0.4908083559 0.0000031951 3.830
220 -0.4908055244 0.0000028315 3.662
230 -0.4908021471 0.0000033772 4.076
240 -0.4907988847 0.0000032625 3.810
250 -0.4907955171 0.0000033676 3.921
260 -0.4907920202 0.0000034969 3.406
270 -0.4907900866 0.0000019336 3.003
280 -0.4907879503 0.0000021363 3.121
290 -0.4907856466 0.0000023037 3.124
300 -0.4907834644 0.0000021822 3.086
310 -0.4907814511 0.0000020133 3.096
320 -0.4907790687 0.0000023824 3.141
330 -0.4907772146 0.0000018542 3.131
340 -0.4907760184 0.0000011962 2.982
350 -0.4907758391 0.0000001793 3.022
Marginal Likelihood = -0.4907758391
Total time = 289.3062 seconds
Total iterations = 350 
