Marginal likelihood with initialization (1) = -0.4810117256
Marginal likelihood with initialization (2) = -0.4811107807
Marginal likelihood with initialization (3) = -0.4810336905
Marginal likelihood with initialization (4) = -0.4809725928
Marginal likelihood with initialization (5) = -0.4810649007
Iteration Marginal_Likelihood delta_Marginal_Likelihood Iteration_Time (secs)
0 -0.4809725928 -- 18.526
10 -0.4808387649 0.0001338279 2.373
20 -0.4808180804 0.0000206845 1.963
30 -0.4808052782 0.0000128022 1.831
40 -0.4807997982 0.0000054800 1.743
50 -0.4807875541 0.0000122441 1.697
60 -0.4807719905 0.0000155636 1.896
70 -0.4807586584 0.0000133321 1.869
80 -0.4807453447 0.0000133137 2.186
90 -0.4807284017 0.0000169430 2.078
100 -0.4807040705 0.0000243311 1.929
110 -0.4806550257 0.0000490448 1.844
120 -0.4805976454 0.0000573804 1.766
130 -0.4804908078 0.0001068376 2.255
140 -0.4802338115 0.0002569963 1.969
150 -0.4786808168 0.0015529947 2.114
160 -0.4771732308 0.0015075860 1.934
170 -0.4771732308 0.0000000000 1.832
Marginal Likelihood = -0.4771732308
Total time = 51.8447 seconds
Total iterations = 170 
