Marginal likelihood with initialization (1) = -0.4933072404
Marginal likelihood with initialization (2) = -0.4984878477
Marginal likelihood with initialization (3) = -0.4954505305
Marginal likelihood with initialization (4) = -0.4935255537
Marginal likelihood with initialization (5) = -0.4960806325
Iteration Marginal_Likelihood delta_Marginal_Likelihood Iteration_Time (secs)
0 -0.4933072404 -- 213.931
10 -0.4932338015 0.0000734390 3.423
20 -0.4932036095 0.0000301920 3.730
30 -0.4931850388 0.0000185707 3.654
40 -0.4931696761 0.0000153628 3.716
50 -0.4931582041 0.0000114720 3.626
60 -0.4931476444 0.0000105597 3.994
70 -0.4931400778 0.0000075665 3.913
80 -0.4931322124 0.0000078655 3.651
90 -0.4931254819 0.0000067304 3.846
100 -0.4931200576 0.0000054244 3.657
110 -0.4931156328 0.0000044248 3.604
120 -0.4931103437 0.0000052891 3.616
130 -0.4931068019 0.0000035418 4.651
140 -0.4931014156 0.0000053863 3.911
150 -0.4930961764 0.0000052392 4.408
160 -0.4930938390 0.0000023374 3.486
170 -0.4930916689 0.0000021701 4.182
180 -0.4930883947 0.0000032742 4.419
190 -0.4930849214 0.0000034732 4.361
200 -0.4930802321 0.0000046894 3.571
210 -0.4930782516 0.0000019805 3.817
220 -0.4930756109 0.0000026407 3.579
230 -0.4930743583 0.0000012526 3.856
240 -0.4930722112 0.0000021471 4.050
250 -0.4930693261 0.0000028851 3.737
260 -0.4930687944 0.0000005317 4.029
Marginal Likelihood = -0.4930687944
Total time = 314.4701 seconds
Total iterations = 260 
