Marginal likelihood with initialization (1) = -0.4896307644
Marginal likelihood with initialization (2) = -0.4889073068
Marginal likelihood with initialization (3) = -0.4880852994
Marginal likelihood with initialization (4) = -0.4899166790
Marginal likelihood with initialization (5) = -0.4890661969
Iteration Marginal_Likelihood delta_Marginal_Likelihood Iteration_Time (secs)
0 -0.4880852994 -- 149.022
10 -0.4865836731 0.0015016263 2.612
20 -0.4856908590 0.0008928141 2.386
30 -0.4856547809 0.0000360781 2.543
40 -0.4856152032 0.0000395777 2.367
50 -0.4855824467 0.0000327565 2.375
60 -0.4855544991 0.0000279476 2.636
70 -0.4855289095 0.0000255896 2.496
80 -0.4855113516 0.0000175579 2.788
90 -0.4855004719 0.0000108797 2.719
100 -0.4854918407 0.0000086312 2.403
110 -0.4854854958 0.0000063448 2.464
120 -0.4854798052 0.0000056906 2.504
130 -0.4854730153 0.0000067899 3.090
140 -0.4854673399 0.0000056755 2.730
150 -0.4854623273 0.0000050125 2.811
160 -0.4854574782 0.0000048491 2.662
170 -0.4854527328 0.0000047454 2.457
180 -0.4854476253 0.0000051075 2.484
190 -0.4854440885 0.0000035368 2.298
200 -0.4854394200 0.0000046684 2.360
210 -0.4854362162 0.0000032039 2.533
220 -0.4854330957 0.0000031204 2.311
230 -0.4854300994 0.0000029963 2.676
240 -0.4854273844 0.0000027150 2.901
250 -0.4854262381 0.0000011463 3.404
260 -0.4854256395 0.0000005986 2.738
Marginal Likelihood = -0.4854256395
Total time = 216.8174 seconds
Total iterations = 260 
