Marginal likelihood with initialization (1) = -0.4993231204
Marginal likelihood with initialization (2) = -0.4944254104
Marginal likelihood with initialization (3) = -0.4983526464
Marginal likelihood with initialization (4) = -0.4934541871
Marginal likelihood with initialization (5) = -0.4925925039
Iteration Marginal_Likelihood delta_Marginal_Likelihood Iteration_Time (secs)
0 -0.4925925039 -- 217.612
10 -0.4925368248 0.0000556791 3.798
20 -0.4925033944 0.0000334304 3.736
30 -0.4924722418 0.0000311526 3.945
40 -0.4924497409 0.0000225008 3.947
50 -0.4924359703 0.0000137706 3.797
60 -0.4924255597 0.0000104105 3.807
70 -0.4924156701 0.0000098896 3.802
80 -0.4924069365 0.0000087336 3.881
90 -0.4923968421 0.0000100944 3.849
100 -0.4923881293 0.0000087128 3.853
110 -0.4923798744 0.0000082549 3.798
120 -0.4923709453 0.0000089291 3.791
130 -0.4923631755 0.0000077698 3.890
140 -0.4923564670 0.0000067085 3.866
150 -0.4923510819 0.0000053851 3.719
160 -0.4923457929 0.0000052890 3.985
170 -0.4923413351 0.0000044578 3.814
180 -0.4923376795 0.0000036557 3.754
190 -0.4923326483 0.0000050312 3.959
200 -0.4923284093 0.0000042390 4.064
210 -0.4923236141 0.0000047951 3.792
220 -0.4923206336 0.0000029805 3.906
230 -0.4923179347 0.0000026989 3.778
240 -0.4923149408 0.0000029939 4.064
250 -0.4923124342 0.0000025066 3.823
260 -0.4923078176 0.0000046167 3.686
270 -0.4923047127 0.0000031049 3.749
280 -0.4923024087 0.0000023040 3.788
290 -0.4923021011 0.0000003076 3.969
Marginal Likelihood = -0.4923021011
Total time = 329.2686 seconds
Total iterations = 290 
