Marginal likelihood with initialization (1) = -0.4905247568
Marginal likelihood with initialization (2) = -0.4905197608
Marginal likelihood with initialization (3) = -0.4933639451
Marginal likelihood with initialization (4) = -0.4911480444
Marginal likelihood with initialization (5) = -0.4914467397
Iteration Marginal_Likelihood delta_Marginal_Likelihood Iteration_Time (secs)
0 -0.4905197608 -- 178.702
10 -0.4904522210 0.0000675398 3.203
20 -0.4904262815 0.0000259394 2.739
30 -0.4904016483 0.0000246332 2.740
40 -0.4903869585 0.0000146898 3.241
50 -0.4903753661 0.0000115924 3.062
60 -0.4903660283 0.0000093377 3.008
70 -0.4903579399 0.0000080885 2.861
80 -0.4903505735 0.0000073663 2.980
90 -0.4903442128 0.0000063607 3.303
100 -0.4903385996 0.0000056133 3.074
110 -0.4903323800 0.0000062195 3.605
120 -0.4903265289 0.0000058511 3.598
130 -0.4903230087 0.0000035202 3.042
140 -0.4903186968 0.0000043119 3.249
150 -0.4903148611 0.0000038357 3.090
160 -0.4903121054 0.0000027557 3.105
170 -0.4903081617 0.0000039437 2.935
180 -0.4903043328 0.0000038288 2.958
190 -0.4903011312 0.0000032016 3.048
200 -0.4902989095 0.0000022217 3.052
210 -0.4902955793 0.0000033302 2.883
220 -0.4902929738 0.0000026054 2.863
230 -0.4902914171 0.0000015567 2.885
240 -0.4902910764 0.0000003407 3.022
Marginal Likelihood = -0.4902910764
Total time = 252.2917 seconds
Total iterations = 240 
